1587765939434	mozrunner::runner	INFO	Running command: "C:\\Program Files\\Mozilla Firefox\\firefox.exe" "-marionette" "-foreground" "-no-remote" "-profile" "C:\\Users\\Sammy\\AppData\\Local\\Temp\\rust_mozprofileOP019V"
1587765939756	addons.webextension.doh-rollout@mozilla.org	WARN	Loading extension 'doh-rollout@mozilla.org': Reading manifest: Invalid extension permission: networkStatus
1587765940264	addons.webextension.screenshots@mozilla.org	WARN	Loading extension 'screenshots@mozilla.org': Reading manifest: Invalid extension permission: mozillaAddons
1587765940264	addons.webextension.screenshots@mozilla.org	WARN	Loading extension 'screenshots@mozilla.org': Reading manifest: Invalid extension permission: telemetry
1587765940264	addons.webextension.screenshots@mozilla.org	WARN	Loading extension 'screenshots@mozilla.org': Reading manifest: Invalid extension permission: resource://pdf.js/
1587765940264	addons.webextension.screenshots@mozilla.org	WARN	Loading extension 'screenshots@mozilla.org': Reading manifest: Invalid extension permission: about:reader*
JavaScript error: resource://gre/modules/XULStore.jsm, line 66: Error: Can't find profile directory.
1587765942465	Marionette	INFO	Listening on port 58819
1587765942547	Marionette	WARN	TLS certificate errors will be ignored for this session
JavaScript warning: https://cdn.plot.ly/plotly-latest.min.js, line 7: WebGL warning: texImage: Alpha-premult and y-flip are deprecated for non-DOM-Element uploads.
JavaScript warning: https://cdn.plot.ly/plotly-latest.min.js, line 7: WebGL warning: texImage: Alpha-premult and y-flip are deprecated for non-DOM-Element uploads.
JavaScript warning: https://cdn.plot.ly/plotly-latest.min.js, line 7: WebGL warning: texImage: Alpha-premult and y-flip are deprecated for non-DOM-Element uploads.
JavaScript warning: https://cdn.plot.ly/plotly-latest.min.js, line 7: WebGL warning: texImage: Alpha-premult and y-flip are deprecated for non-DOM-Element uploads.
JavaScript warning: https://cdn.plot.ly/plotly-latest.min.js, line 7: WebGL warning: texImage: Alpha-premult and y-flip are deprecated for non-DOM-Element uploads.
JavaScript warning: https://cdn.plot.ly/plotly-latest.min.js, line 7: WebGL warning: texImage: Alpha-premult and y-flip are deprecated for non-DOM-Element uploads.
JavaScript warning: https://cdn.plot.ly/plotly-latest.min.js, line 7: WebGL warning: texImage: Alpha-premult and y-flip are deprecated for non-DOM-Element uploads.
JavaScript warning: https://cdn.plot.ly/plotly-latest.min.js, line 7: WebGL warning: texImage: Alpha-premult and y-flip are deprecated for non-DOM-Element uploads.
JavaScript warning: https://cdn.plot.ly/plotly-latest.min.js, line 7: WebGL warning: texImage: Alpha-premult and y-flip are deprecated for non-DOM-Element uploads.
JavaScript warning: https://cdn.plot.ly/plotly-latest.min.js, line 7: WebGL warning: texImage: Alpha-premult and y-flip are deprecated for non-DOM-Element uploads.
JavaScript warning: https://cdn.plot.ly/plotly-latest.min.js, line 7: WebGL warning: texImage: Alpha-premult and y-flip are deprecated for non-DOM-Element uploads.
JavaScript warning: https://cdn.plot.ly/plotly-latest.min.js, line 7: WebGL warning: texImage: Alpha-premult and y-flip are deprecated for non-DOM-Element uploads.
1587765957034	Marionette	INFO	Stopped listening on port 58819

###!!! [Child][RunMessage] Error: Channel closing: too late to send/recv, messages will be lost


###!!! [Child][MessageChannel::SendAndWait] Error: Channel error: cannot send/recv

1587766080247	mozrunner::runner	INFO	Running command: "C:\\Program Files\\Mozilla Firefox\\firefox.exe" "-marionette" "-foreground" "-no-remote" "-profile" "C:\\Users\\Sammy\\AppData\\Local\\Temp\\rust_mozprofileZJZ7a3"
1587766080592	addons.webextension.doh-rollout@mozilla.org	WARN	Loading extension 'doh-rollout@mozilla.org': Reading manifest: Invalid extension permission: networkStatus
1587766081117	addons.webextension.screenshots@mozilla.org	WARN	Loading extension 'screenshots@mozilla.org': Reading manifest: Invalid extension permission: mozillaAddons
1587766081117	addons.webextension.screenshots@mozilla.org	WARN	Loading extension 'screenshots@mozilla.org': Reading manifest: Invalid extension permission: telemetry
1587766081118	addons.webextension.screenshots@mozilla.org	WARN	Loading extension 'screenshots@mozilla.org': Reading manifest: Invalid extension permission: resource://pdf.js/
1587766081118	addons.webextension.screenshots@mozilla.org	WARN	Loading extension 'screenshots@mozilla.org': Reading manifest: Invalid extension permission: about:reader*
JavaScript error: resource://gre/modules/XULStore.jsm, line 66: Error: Can't find profile directory.
1587766083277	Marionette	INFO	Listening on port 58894
1587766083360	Marionette	WARN	TLS certificate errors will be ignored for this session
JavaScript warning: https://cdn.plot.ly/plotly-latest.min.js, line 7: WebGL warning: texImage: Alpha-premult and y-flip are deprecated for non-DOM-Element uploads.
JavaScript warning: https://cdn.plot.ly/plotly-latest.min.js, line 7: WebGL warning: texImage: Alpha-premult and y-flip are deprecated for non-DOM-Element uploads.
JavaScript warning: https://cdn.plot.ly/plotly-latest.min.js, line 7: WebGL warning: texImage: Alpha-premult and y-flip are deprecated for non-DOM-Element uploads.
JavaScript warning: https://cdn.plot.ly/plotly-latest.min.js, line 7: WebGL warning: texImage: Alpha-premult and y-flip are deprecated for non-DOM-Element uploads.
JavaScript warning: https://cdn.plot.ly/plotly-latest.min.js, line 7: WebGL warning: texImage: Alpha-premult and y-flip are deprecated for non-DOM-Element uploads.
JavaScript warning: https://cdn.plot.ly/plotly-latest.min.js, line 7: WebGL warning: texImage: Alpha-premult and y-flip are deprecated for non-DOM-Element uploads.
JavaScript warning: https://cdn.plot.ly/plotly-latest.min.js, line 7: WebGL warning: texImage: Alpha-premult and y-flip are deprecated for non-DOM-Element uploads.
JavaScript warning: https://cdn.plot.ly/plotly-latest.min.js, line 7: WebGL warning: texImage: Alpha-premult and y-flip are deprecated for non-DOM-Element uploads.
JavaScript warning: https://cdn.plot.ly/plotly-latest.min.js, line 7: WebGL warning: texImage: Alpha-premult and y-flip are deprecated for non-DOM-Element uploads.
JavaScript warning: https://cdn.plot.ly/plotly-latest.min.js, line 7: WebGL warning: texImage: Alpha-premult and y-flip are deprecated for non-DOM-Element uploads.
JavaScript warning: https://cdn.plot.ly/plotly-latest.min.js, line 7: WebGL warning: texImage: Alpha-premult and y-flip are deprecated for non-DOM-Element uploads.
JavaScript warning: https://cdn.plot.ly/plotly-latest.min.js, line 7: WebGL warning: texImage: Alpha-premult and y-flip are deprecated for non-DOM-Element uploads.
1587766091971	Marionette	INFO	Stopped listening on port 58894

###!!! [Child][RunMessage] Error: Channel closing: too late to send/recv, messages will be lost


###!!! [Child][MessageChannel::SendAndWait] Error: Channel error: cannot send/recv

1587766110455	mozrunner::runner	INFO	Running command: "C:\\Program Files\\Mozilla Firefox\\firefox.exe" "-marionette" "-foreground" "-no-remote" "-profile" "C:\\Users\\Sammy\\AppData\\Local\\Temp\\rust_mozprofileVzoPK7"
1587766110819	addons.webextension.doh-rollout@mozilla.org	WARN	Loading extension 'doh-rollout@mozilla.org': Reading manifest: Invalid extension permission: networkStatus
1587766111355	addons.webextension.screenshots@mozilla.org	WARN	Loading extension 'screenshots@mozilla.org': Reading manifest: Invalid extension permission: mozillaAddons
1587766111356	addons.webextension.screenshots@mozilla.org	WARN	Loading extension 'screenshots@mozilla.org': Reading manifest: Invalid extension permission: telemetry
1587766111356	addons.webextension.screenshots@mozilla.org	WARN	Loading extension 'screenshots@mozilla.org': Reading manifest: Invalid extension permission: resource://pdf.js/
1587766111356	addons.webextension.screenshots@mozilla.org	WARN	Loading extension 'screenshots@mozilla.org': Reading manifest: Invalid extension permission: about:reader*
JavaScript error: resource://gre/modules/XULStore.jsm, line 66: Error: Can't find profile directory.
1587766113724	Marionette	INFO	Listening on port 58963
1587766114079	Marionette	WARN	TLS certificate errors will be ignored for this session
JavaScript warning: https://cdn.plot.ly/plotly-latest.min.js, line 7: WebGL warning: texImage: Alpha-premult and y-flip are deprecated for non-DOM-Element uploads.
JavaScript warning: https://cdn.plot.ly/plotly-latest.min.js, line 7: WebGL warning: texImage: Alpha-premult and y-flip are deprecated for non-DOM-Element uploads.
JavaScript warning: https://cdn.plot.ly/plotly-latest.min.js, line 7: WebGL warning: texImage: Alpha-premult and y-flip are deprecated for non-DOM-Element uploads.
JavaScript warning: https://cdn.plot.ly/plotly-latest.min.js, line 7: WebGL warning: texImage: Alpha-premult and y-flip are deprecated for non-DOM-Element uploads.
JavaScript warning: https://cdn.plot.ly/plotly-latest.min.js, line 7: WebGL warning: texImage: Alpha-premult and y-flip are deprecated for non-DOM-Element uploads.
JavaScript warning: https://cdn.plot.ly/plotly-latest.min.js, line 7: WebGL warning: texImage: Alpha-premult and y-flip are deprecated for non-DOM-Element uploads.
JavaScript warning: https://cdn.plot.ly/plotly-latest.min.js, line 7: WebGL warning: texImage: Alpha-premult and y-flip are deprecated for non-DOM-Element uploads.
JavaScript warning: https://cdn.plot.ly/plotly-latest.min.js, line 7: WebGL warning: texImage: Alpha-premult and y-flip are deprecated for non-DOM-Element uploads.
JavaScript warning: https://cdn.plot.ly/plotly-latest.min.js, line 7: WebGL warning: texImage: Alpha-premult and y-flip are deprecated for non-DOM-Element uploads.
JavaScript warning: https://cdn.plot.ly/plotly-latest.min.js, line 7: WebGL warning: texImage: Alpha-premult and y-flip are deprecated for non-DOM-Element uploads.
JavaScript warning: https://cdn.plot.ly/plotly-latest.min.js, line 7: WebGL warning: texImage: Alpha-premult and y-flip are deprecated for non-DOM-Element uploads.
JavaScript warning: https://cdn.plot.ly/plotly-latest.min.js, line 7: WebGL warning: texImage: Alpha-premult and y-flip are deprecated for non-DOM-Element uploads.
JavaScript warning: https://cdn.plot.ly/plotly-latest.min.js, line 7: WebGL warning: texImage: Alpha-premult and y-flip are deprecated for non-DOM-Element uploads.
JavaScript warning: https://cdn.plot.ly/plotly-latest.min.js, line 7: WebGL warning: texImage: Alpha-premult and y-flip are deprecated for non-DOM-Element uploads.
JavaScript warning: https://cdn.plot.ly/plotly-latest.min.js, line 7: WebGL warning: texImage: Alpha-premult and y-flip are deprecated for non-DOM-Element uploads.
JavaScript warning: https://cdn.plot.ly/plotly-latest.min.js, line 7: WebGL warning: texImage: Alpha-premult and y-flip are deprecated for non-DOM-Element uploads.
JavaScript warning: https://cdn.plot.ly/plotly-latest.min.js, line 7: WebGL warning: texImage: Alpha-premult and y-flip are deprecated for non-DOM-Element uploads.
JavaScript warning: https://cdn.plot.ly/plotly-latest.min.js, line 7: WebGL warning: texImage: Alpha-premult and y-flip are deprecated for non-DOM-Element uploads.
JavaScript warning: https://cdn.plot.ly/plotly-latest.min.js, line 7: WebGL warning: texImage: Alpha-premult and y-flip are deprecated for non-DOM-Element uploads.
JavaScript warning: https://cdn.plot.ly/plotly-latest.min.js, line 7: WebGL warning: texImage: Alpha-premult and y-flip are deprecated for non-DOM-Element uploads.
JavaScript warning: https://cdn.plot.ly/plotly-latest.min.js, line 7: WebGL warning: texImage: Alpha-premult and y-flip are deprecated for non-DOM-Element uploads.
JavaScript warning: https://cdn.plot.ly/plotly-latest.min.js, line 7: WebGL warning: texImage: Alpha-premult and y-flip are deprecated for non-DOM-Element uploads.
JavaScript warning: https://cdn.plot.ly/plotly-latest.min.js, line 7: WebGL warning: texImage: Alpha-premult and y-flip are deprecated for non-DOM-Element uploads.
JavaScript warning: https://cdn.plot.ly/plotly-latest.min.js, line 7: WebGL warning: texImage: Alpha-premult and y-flip are deprecated for non-DOM-Element uploads.
JavaScript warning: https://cdn.plot.ly/plotly-latest.min.js, line 7: WebGL warning: texImage: Alpha-premult and y-flip are deprecated for non-DOM-Element uploads.
JavaScript warning: https://cdn.plot.ly/plotly-latest.min.js, line 7: WebGL warning: texImage: Alpha-premult and y-flip are deprecated for non-DOM-Element uploads.
JavaScript warning: https://cdn.plot.ly/plotly-latest.min.js, line 7: WebGL warning: texImage: Alpha-premult and y-flip are deprecated for non-DOM-Element uploads.
JavaScript warning: https://cdn.plot.ly/plotly-latest.min.js, line 7: WebGL warning: texImage: Alpha-premult and y-flip are deprecated for non-DOM-Element uploads.
1587766599908	Marionette	INFO	Stopped listening on port 58963

###!!! [Child][RunMessage] Error: Channel closing: too late to send/recv, messages will be lost


###!!! [Child][MessageChannel::SendAndWait] Error: Channel error: cannot send/recv

n.doh-rollout@mozilla.org	WARN	Loading extension 'doh-rollout@mozilla.org': Reading manifest: Invalid extension permission: networkStatus
1587766175618	addons.webextension.screenshots@mozilla.org	WARN	Loading extension 'screenshots@mozilla.org': Reading manifest: Invalid extension permission: mozillaAddons
1587766175618	addons.webextension.screenshots@mozilla.org	WARN	Loading extension 'screenshots@mozilla.org': Reading manifest: Invalid extension permission: telemetry
1587766175618	addons.webextension.screenshots@mozilla.org	WARN	Loading extension 'screenshots@mozilla.org': Reading manifest: Invalid extension permission: resource://pdf.js/
1587766175618	addons.webextension.screenshots@mozilla.org	WARN	Loading extension 'screenshots@mozilla.org': Reading manifest: Invalid extension permission: about:reader*
JavaScript error: resource://gre/modules/XULStore.jsm, line 66: Error: Can't find profile directory.
1587766177808	Marionette	INFO	Listening on port 59032
1587766177903	Marionette	WARN	TLS certificate errors will be ignored for this session
JavaScript warning: https://cdn.plot.ly/plotly-latest.min.js, line 7: WebGL warning: texImage: Alpha-premult and y-flip are deprecated for non-DOM-Element uploads.
JavaScript warning: https://cdn.plot.ly/plotly-latest.min.js, line 7: WebGL warning: texImage: Alpha-premult and y-flip are deprecated for non-DOM-Element uploads.
JavaScript warning: https://cdn.plot.ly/plotly-latest.min.js, line 7: WebGL warning: texImage: Alpha-premult and y-flip are deprecated for non-DOM-Element uploads.
JavaScript warning: https://cdn.plot.ly/plotly-latest.min.js, line 7: WebGL warning: texImage: Alpha-premult and y-flip are deprecated for non-DOM-Element uploads.
JavaScript warning: https://cdn.plot.ly/plotly-latest.min.js, line 7: WebGL warning: texImage: Alpha-premult and y-flip are deprecated for non-DOM-Element uploads.
JavaScript warning: https://cdn.plot.ly/plotly-latest.min.js, line 7: WebGL warning: texImage: Alpha-premult and y-flip are deprecated for non-DOM-Element uploads.
JavaScript warning: https://cdn.plot.ly/plotly-latest.min.js, line 7: WebGL warning: texImage: Alpha-premult and y-flip are deprecated for non-DOM-Element uploads.
JavaScript warning: https://cdn.plot.ly/plotly-latest.min.js, line 7: WebGL warning: texImage: Alpha-premult and y-flip are deprecated for non-DOM-Element uploads.
JavaScript warning: https://cdn.plot.ly/plotly-latest.min.js, line 7: WebGL warning: texImage: Alpha-premult and y-flip are deprecated for non-DOM-Element uploads.
JavaScript warning: https://cdn.plot.ly/plotly-latest.min.js, line 7: WebGL warning: texImage: Alpha-premult and y-flip are deprecated for non-DOM-Element uploads.
JavaScript warning: https://cdn.plot.ly/plotly-latest.min.js, line 7: WebGL warning: texImage: Alpha-premult and y-flip are deprecated for non-DOM-Element uploads.
JavaScript warning: https://cdn.plot.ly/plotly-latest.min.js, line 7: WebGL warning: texImage: Alpha-premult and y-flip are deprecated for non-DOM-Element uploads.
1587766599092	Marionette	INFO	Stopped listening on port 59032

###!!! [Child][RunMessage] Error: Channel closing: too late to send/recv, messages will be lost


###!!! [Child][MessageChannel::SendAndWait] Error: Channel error: cannot send/recv

n.doh-rollout@mozilla.org	WARN	Loading extension 'doh-rollout@mozilla.org': Reading manifest: Invalid extension permission: networkStatus
1587766334672	addons.webextension.screenshots@mozilla.org	WARN	Loading extension 'screenshots@mozilla.org': Reading manifest: Invalid extension permission: mozillaAddons
1587766334672	addons.webextension.screenshots@mozilla.org	WARN	Loading extension 'screenshots@mozilla.org': Reading manifest: Invalid extension permission: telemetry
1587766334672	addons.webextension.screenshots@mozilla.org	WARN	Loading extension 'screenshots@mozilla.org': Reading manifest: Invalid extension permission: resource://pdf.js/
1587766334672	addons.webextension.screenshots@mozilla.org	WARN	Loading extension 'screenshots@mozilla.org': Reading manifest: Invalid extension permission: about:reader*
JavaScript error: resource://gre/modules/XULStore.jsm, line 66: Error: Can't find profile directory.
1587766336733	Marionette	INFO	Listening on port 59102
1587766336961	Marionette	WARN	TLS certificate errors will be ignored for this session
JavaScript warning: https://cdn.plot.ly/plotly-latest.min.js, line 7: WebGL warning: texImage: Alpha-premult and y-flip are deprecated for non-DOM-Element uploads.
JavaScript warning: https://cdn.plot.ly/plotly-latest.min.js, line 7: WebGL warning: texImage: Alpha-premult and y-flip are deprecated for non-DOM-Element uploads.
JavaScript warning: https://cdn.plot.ly/plotly-latest.min.js, line 7: WebGL warning: texImage: Alpha-premult and y-flip are deprecated for non-DOM-Element uploads.
JavaScript warning: https://cdn.plot.ly/plotly-latest.min.js, line 7: WebGL warning: texImage: Alpha-premult and y-flip are deprecated for non-DOM-Element uploads.
JavaScript warning: https://cdn.plot.ly/plotly-latest.min.js, line 7: WebGL warning: texImage: Alpha-premult and y-flip are deprecated for non-DOM-Element uploads.
JavaScript warning: https://cdn.plot.ly/plotly-latest.min.js, line 7: WebGL warning: texImage: Alpha-premult and y-flip are deprecated for non-DOM-Element uploads.
JavaScript warning: https://cdn.plot.ly/plotly-latest.min.js, line 7: WebGL warning: texImage: Alpha-premult and y-flip are deprecated for non-DOM-Element uploads.
JavaScript warning: https://cdn.plot.ly/plotly-latest.min.js, line 7: WebGL warning: texImage: Alpha-premult and y-flip are deprecated for non-DOM-Element uploads.
JavaScript warning: https://cdn.plot.ly/plotly-latest.min.js, line 7: WebGL warning: texImage: Alpha-premult and y-flip are deprecated for non-DOM-Element uploads.
JavaScript warning: https://cdn.plot.ly/plotly-latest.min.js, line 7: WebGL warning: texImage: Alpha-premult and y-flip are deprecated for non-DOM-Element uploads.
JavaScript warning: https://cdn.plot.ly/plotly-latest.min.js, line 7: WebGL warning: texImage: Alpha-premult and y-flip are deprecated for non-DOM-Element uploads.
JavaScript warning: https://cdn.plot.ly/plotly-latest.min.js, line 7: WebGL warning: texImage: Alpha-premult and y-flip are deprecated for non-DOM-Element uploads.
1587766598411	Marionette	INFO	Stopped listening on port 59102

###!!! [Child][RunMessage] Error: Channel closing: too late to send/recv, messages will be lost


###!!! [Child][MessageChannel::SendAndWait] Error: Channel error: cannot send/recv

